<?xml version="1.0" encoding="UTF-8"?>
<testng-results skipped="0" failed="0" total="4" passed="4">
  <reporter-output>
  </reporter-output>
  <suite name="com.jp.status.servlet.StatusServletTest" duration-ms="563" started-at="2015-04-27T09:10:43Z" finished-at="2015-04-27T09:10:44Z">
    <groups>
    </groups>
    <test name="Command line test" duration-ms="563" started-at="2015-04-27T09:10:43Z" finished-at="2015-04-27T09:10:44Z">
      <class name="com.jp.status.servlet.StatusServletTest">
        <test-method status="PASS" signature="setUp()[pri:0, instance:com.jp.status.servlet.StatusServletTest@32e6e9c3]" name="setUp" is-config="true" duration-ms="16" started-at="2015-04-27T14:40:43Z" finished-at="2015-04-27T14:40:43Z">
          <reporter-output>
          </reporter-output>
        </test-method> <!-- setUp -->
        <test-method status="PASS" signature="doGetTestForCsv()[pri:0, instance:com.jp.status.servlet.StatusServletTest@32e6e9c3]" name="doGetTestForCsv" duration-ms="421" started-at="2015-04-27T14:40:43Z" finished-at="2015-04-27T14:40:44Z">
          <reporter-output>
          </reporter-output>
        </test-method> <!-- doGetTestForCsv -->
        <test-method status="PASS" signature="doGetTestForSchema()[pri:0, instance:com.jp.status.servlet.StatusServletTest@32e6e9c3]" name="doGetTestForSchema" duration-ms="16" started-at="2015-04-27T14:40:44Z" finished-at="2015-04-27T14:40:44Z">
          <reporter-output>
          </reporter-output>
        </test-method> <!-- doGetTestForSchema -->
        <test-method status="PASS" signature="doGetTestForStatus()[pri:0, instance:com.jp.status.servlet.StatusServletTest@32e6e9c3]" name="doGetTestForStatus" duration-ms="15" started-at="2015-04-27T14:40:44Z" finished-at="2015-04-27T14:40:44Z">
          <reporter-output>
          </reporter-output>
        </test-method> <!-- doGetTestForStatus -->
        <test-method status="PASS" signature="doGetTestForStyle()[pri:0, instance:com.jp.status.servlet.StatusServletTest@32e6e9c3]" name="doGetTestForStyle" duration-ms="95" started-at="2015-04-27T14:40:44Z" finished-at="2015-04-27T14:40:44Z">
          <reporter-output>
          </reporter-output>
        </test-method> <!-- doGetTestForStyle -->
      </class> <!-- com.jp.status.servlet.StatusServletTest -->
    </test> <!-- Command line test -->
  </suite> <!-- com.jp.status.servlet.StatusServletTest -->
</testng-results>
